<?xml version="1.0" encoding="UTF-8"?>
<!-- Generated by org.testng.reporters.JUnitReportReporter -->
<testsuite hostname="CPU-0122" failures="0" tests="2" name="ui.tests.cases.QA_001_Create_new_Case" time="80.608" errors="0" timestamp="2023-05-22T14:36:17 IST" skipped="0">
  <testcase classname="ui.tests.cases.QA_001_Create_new_Case" name="create_case" time="39.186"/>
  <system-out/>
  <testcase classname="ui.tests.cases.QA_001_Create_new_Case" name="create_case" time="41.422"/>
  <system-out/>
</testsuite> <!-- ui.tests.cases.QA_001_Create_new_Case -->
