<?xml version="1.0" encoding="UTF-8"?>
<!-- Generated by org.testng.reporters.JUnitReportReporter -->
<testsuite hostname="CPU-0190" failures="0" tests="1" name="ui.tests.auditTrail.QA_001_VerifyUserName" time="24.628" errors="0" timestamp="2023-06-06T12:56:53 IST" skipped="0">
  <testcase classname="ui.tests.auditTrail.QA_001_VerifyUserName" name="verifyUserName" time="24.628"/>
  <system-out/>
</testsuite> <!-- ui.tests.auditTrail.QA_001_VerifyUserName -->
