<?xml version="1.0" encoding="UTF-8"?>
<!-- Generated by org.testng.reporters.JUnitReportReporter -->
<testsuite hostname="CPU-0122" failures="0" tests="1" name="ui.tests.resources.QA_001_CreateNewResource" time="76.428" errors="0" timestamp="2023-05-11T13:02:31 IST" skipped="0">
  <testcase classname="ui.tests.resources.QA_001_CreateNewResource" name="createResource" time="76.428"/>
  <system-out/>
</testsuite> <!-- ui.tests.resources.QA_001_CreateNewResource -->
