<?xml version="1.0" encoding="UTF-8"?>
<!-- Generated by org.testng.reporters.JUnitReportReporter -->
<testsuite hostname="CPU-0190" failures="0" tests="1" name="ui.tests.messages.QA_001_Create_New_Message" time="87.261" errors="0" timestamp="2023-06-06T12:56:53 IST" skipped="0">
  <testcase classname="ui.tests.messages.QA_001_Create_New_Message" name="createMessage" time="87.261"/>
  <system-out/>
</testsuite> <!-- ui.tests.messages.QA_001_Create_New_Message -->
