<?xml version="1.0" encoding="UTF-8"?>
<!-- Generated by org.testng.reporters.JUnitReportReporter -->
<testsuite hostname="CPU-0122" failures="0" tests="1" name="ui.tests.loginPage.LoginTest" time="23.893" errors="0" timestamp="2023-05-03T16:04:29 IST" skipped="0">
  <testcase classname="ui.tests.loginPage.LoginTest" name="loginPageTest" time="23.893"/>
  <system-out/>
</testsuite> <!-- ui.tests.loginPage.LoginTest -->
