<?xml version="1.0" encoding="UTF-8"?>
<!-- Generated by org.testng.reporters.JUnitReportReporter -->
<testsuite hostname="CPU-0122" failures="0" tests="1" name="ui.tests.salesTarget.QA_001_CreateSales" time="105.543" errors="0" timestamp="2023-05-17T13:24:28 IST" skipped="0">
  <testcase classname="ui.tests.salesTarget.QA_001_CreateSales" name="createSales" time="105.543"/>
  <system-out/>
</testsuite> <!-- ui.tests.salesTarget.QA_001_CreateSales -->
