<?xml version="1.0" encoding="UTF-8"?>
<!-- Generated by org.testng.reporters.JUnitReportReporter -->
<testsuite hostname="CPU-0122" failures="0" tests="1" name="ui.tests.documents.QA_001_Create_Document" time="35.941" errors="0" timestamp="2023-05-08T15:26:49 IST" skipped="0">
  <testcase classname="ui.tests.documents.QA_001_Create_Document" name="create_Document" time="35.941"/>
  <system-out/>
</testsuite> <!-- ui.tests.documents.QA_001_Create_Document -->
