<?xml version="1.0" encoding="UTF-8"?>
<!-- Generated by org.testng.reporters.JUnitReportReporter -->
<testsuite hostname="CPU-0122" failures="0" tests="1" name="ui.tests.product.QA_001_Create_update_delete_product" time="80.597" errors="0" timestamp="2023-05-08T10:26:25 IST" skipped="0">
  <testcase classname="ui.tests.product.QA_001_Create_update_delete_product" name="create_Product" time="80.597"/>
  <system-out/>
</testsuite> <!-- ui.tests.product.QA_001_Create_update_delete_product -->
