<?xml version="1.0" encoding="UTF-8"?>
<!-- Generated by org.testng.reporters.JUnitReportReporter -->
<testsuite hostname="CPU-0122" failures="0" tests="1" name="ui.tests.contact.QA_001_CreateNewContact" time="47.352" errors="0" timestamp="2023-05-03T17:05:25 IST" skipped="0">
  <testcase classname="ui.tests.contact.QA_001_CreateNewContact" name="loginPageTest" time="47.352"/>
  <system-out/>
</testsuite> <!-- ui.tests.contact.QA_001_CreateNewContact -->
