<?xml version="1.0" encoding="UTF-8"?>
<!-- Generated by org.testng.reporters.JUnitReportReporter -->
<testsuite hostname="CPU-0122" failures="0" tests="1" name="ui.tests.deals.QA_001_CreateNewDeal" time="0.000" errors="0" timestamp="2023-05-30T12:36:36 IST" skipped="1">
  <testcase classname="ui.tests.deals.QA_001_CreateNewDeal" name="createDeal" time="0.000">
    <skipped/>
  </testcase> <!-- createDeal -->
  <system-out/>
</testsuite> <!-- ui.tests.deals.QA_001_CreateNewDeal -->
