<?xml version="1.0" encoding="UTF-8"?>
<!-- Generated by org.testng.reporters.JUnitReportReporter -->
<testsuite hostname="CPU-0190" failures="0" tests="1" name="ui.tests.home.QA_001_ValidateNoCompanyLoadedButton" time="30.643" errors="0" timestamp="2023-06-07T09:25:47 IST" skipped="0">
  <testcase classname="ui.tests.home.QA_001_ValidateNoCompanyLoadedButton" name="validateButton" time="30.643"/>
  <system-out/>
</testsuite> <!-- ui.tests.home.QA_001_ValidateNoCompanyLoadedButton -->
